Log file open, 01/25/20 05:11:30
LogInit:Display: Running engine for game: Survival
LogPlatformFile: Not using cached read wrapper
LogInit:Display: RandInit(-1645044684) SRandInit(-1645044684).
LogTaskGraph: Started task graph with 5 named threads and 8 total threads with 1 sets of task threads.
LogStats: Stats thread started at 0.683219
LogPluginManager: Loaded Plugin Paper2D, From C:/Users/Tony/Desktop/SurvivalGame/WindowsNoEditor/Engine/Plugins/2D/Paper2D/Paper2D.uplugin
LogPluginManager: Loaded Plugin LightPropagationVolume, From C:/Users/Tony/Desktop/SurvivalGame/WindowsNoEditor/Engine/Plugins/Blendables/LightPropagationVolume/LightPropagationVolume.uplugin
LogPluginManager: Loaded Plugin CharacterAI, From C:/Users/Tony/Desktop/SurvivalGame/WindowsNoEditor/Engine/Plugins/Experimental/CharacterAI/CharacterAI.uplugin
LogPluginManager: Loaded Plugin HTML5Networking, From C:/Users/Tony/Desktop/SurvivalGame/WindowsNoEditor/Engine/Plugins/Experimental/HTML5Networking/HTML5Networking.uplugin
LogPluginManager: Loaded Plugin AndroidMedia, From C:/Users/Tony/Desktop/SurvivalGame/WindowsNoEditor/Engine/Plugins/Media/AndroidMedia/AndroidMedia.uplugin
LogPluginManager: Loaded Plugin AvfMedia, From C:/Users/Tony/Desktop/SurvivalGame/WindowsNoEditor/Engine/Plugins/Media/AvfMedia/AvfMedia.uplugin
LogPluginManager: Loaded Plugin WmfMedia, From C:/Users/Tony/Desktop/SurvivalGame/WindowsNoEditor/Engine/Plugins/Media/WmfMedia/WmfMedia.uplugin
LogPluginManager: Loaded Plugin TcpMessaging, From C:/Users/Tony/Desktop/SurvivalGame/WindowsNoEditor/Engine/Plugins/Messaging/TcpMessaging/TcpMessaging.uplugin
LogPluginManager: Loaded Plugin UdpMessaging, From C:/Users/Tony/Desktop/SurvivalGame/WindowsNoEditor/Engine/Plugins/Messaging/UdpMessaging/UdpMessaging.uplugin
LogPluginManager: Loaded Plugin OnlineSubsystem, From C:/Users/Tony/Desktop/SurvivalGame/WindowsNoEditor/Engine/Plugins/Online/OnlineSubsystem/OnlineSubsystem.uplugin
LogPluginManager: Loaded Plugin OnlineSubsystemNull, From C:/Users/Tony/Desktop/SurvivalGame/WindowsNoEditor/Engine/Plugins/Online/OnlineSubsystemNull/OnlineSubsystemNull.uplugin
LogPluginManager: Loaded Plugin OnlineSubsystemUtils, From C:/Users/Tony/Desktop/SurvivalGame/WindowsNoEditor/Engine/Plugins/Online/OnlineSubsystemUtils/OnlineSubsystemUtils.uplugin
LogPluginManager: Loaded Plugin ArchVisCharacter, From C:/Users/Tony/Desktop/SurvivalGame/WindowsNoEditor/Engine/Plugins/Runtime/ArchVisCharacter/ArchVisCharacter.uplugin
LogPluginManager: Loaded Plugin CableComponent, From C:/Users/Tony/Desktop/SurvivalGame/WindowsNoEditor/Engine/Plugins/Runtime/CableComponent/CableComponent.uplugin
LogPluginManager: Loaded Plugin CustomMeshComponent, From C:/Users/Tony/Desktop/SurvivalGame/WindowsNoEditor/Engine/Plugins/Runtime/CustomMeshComponent/CustomMeshComponent.uplugin
LogPluginManager: Loaded Plugin ExampleDeviceProfileSelector, From C:/Users/Tony/Desktop/SurvivalGame/WindowsNoEditor/Engine/Plugins/Runtime/ExampleDeviceProfileSelector/ExampleDeviceProfileSelector.uplugin
LogPluginManager: Loaded Plugin MobilePatchingUtils, From C:/Users/Tony/Desktop/SurvivalGame/WindowsNoEditor/Engine/Plugins/Runtime/MobilePatchingUtils/MobilePatchingUtils.uplugin
LogPluginManager: Loaded Plugin OculusInput, From C:/Users/Tony/Desktop/SurvivalGame/WindowsNoEditor/Engine/Plugins/Runtime/OculusInput/OculusInput.uplugin
LogPluginManager: Loaded Plugin OculusLibrary, From C:/Users/Tony/Desktop/SurvivalGame/WindowsNoEditor/Engine/Plugins/Runtime/OculusLibrary/OculusLibrary.uplugin
LogPluginManager: Loaded Plugin OculusRift, From C:/Users/Tony/Desktop/SurvivalGame/WindowsNoEditor/Engine/Plugins/Runtime/OculusRift/OculusRift.uplugin
LogPluginManager: Loaded Plugin ProceduralMeshComponent, From C:/Users/Tony/Desktop/SurvivalGame/WindowsNoEditor/Engine/Plugins/Runtime/ProceduralMeshComponent/ProceduralMeshComponent.uplugin
LogPluginManager: Loaded Plugin SteamVR, From C:/Users/Tony/Desktop/SurvivalGame/WindowsNoEditor/Engine/Plugins/Runtime/Steam/SteamVR/SteamVR.uplugin
LogPluginManager: Loaded Plugin WindowsMoviePlayer, From C:/Users/Tony/Desktop/SurvivalGame/WindowsNoEditor/Engine/Plugins/Runtime/WindowsMoviePlayer/WindowsMoviePlayer.uplugin
LogPluginManager: Loaded Plugin SlateRemote, From C:/Users/Tony/Desktop/SurvivalGame/WindowsNoEditor/Engine/Plugins/Slate/SlateRemote/SlateRemote.uplugin
LogModuleManager:Warning: ModuleManager: Module 'XMPP' not found - its StaticallyLinkedModuleInitializers function is null.
LogInit: Using libcurl 7.47.1
LogInit:  - built for x86_64-pc-win32
LogInit:  - supports SSL with OpenSSL/1.0.2g
LogInit:  - supports HTTP deflate (compression) using libz 1.2.8
LogInit:  - other features:
LogInit:      CURL_VERSION_SSL
LogInit:      CURL_VERSION_LIBZ
LogInit:      CURL_VERSION_IPV6
LogInit:      CURL_VERSION_ASYNCHDNS
LogInit:      CURL_VERSION_LARGEFILE
LogInit:      CURL_VERSION_IDN
LogInit:  CurlRequestOptions (configurable via config and command line):
LogInit:  - bVerifyPeer = false  - Libcurl will NOT verify peer certificate
LogInit:  - bUseHttpProxy = false  - Libcurl will NOT use HTTP proxy
LogInit:  - bDontReuseConnections = false  - Libcurl will reuse connections
LogInit:  - CertBundlePath = nullptr  - Libcurl will use whatever was configured at build time.
LogInit: Build: ++UE4+Release-4.14-CL-3249277
LogInit: Engine Version: 4.14.3-3249277+++UE4+Release-4.14
LogInit: Compatible Engine Version: 4.14.0-3195953+++UE4+Release-4.14
LogInit: Net CL: 3195953
LogDevObjectVersion: Number of dev versions registered: 13
LogDevObjectVersion:   Dev-Blueprints (B0D832E4-1F89-4F0D-ACCF-7EB736FD4AA2): 7
LogDevObjectVersion:   Dev-Build (E1C64328-A22C-4D53-A36C-8E866417BD8C): 0
LogDevObjectVersion:   Dev-Core (375EC13C-06E4-48FB-B500-84F0262A717E): 1
LogDevObjectVersion:   Dev-Editor (E4B068ED-F494-42E9-A231-DA0B2E46BB41): 8
LogDevObjectVersion:   Dev-Framework (CFFC743F-43B0-4480-9391-14DF171D2073): 17
LogDevObjectVersion:   Dev-Mobile (B02B49B5-BB20-44E9-A304-32B752E40360): 0
LogDevObjectVersion:   Dev-Networking (A4E4105C-59A1-49B5-A7C5-40C4547EDFEE): 0
LogDevObjectVersion:   Dev-Online (39C831C9-5AE6-47DC-9A44-9C173E1C8E7C): 0
LogDevObjectVersion:   Dev-Physics (78F01B33-EBEA-4F98-B9B4-84EACCB95AA2): 0
LogDevObjectVersion:   Dev-Platform (6631380F-2D4D-43E0-8009-CF276956A95A): 0
LogDevObjectVersion:   Dev-Rendering (12F88B9F-8875-4AFC-A67C-D90C383ABD29): 12
LogDevObjectVersion:   Dev-Sequencer (7B5AE74C-D270-4C10-A958-57980B212A5A): 1
LogDevObjectVersion:   Dev-VR (D7296918-1DD6-4BDD-9DE2-64A83CC13884): 0
LogInit: Compiled (64-bit): Jan  6 2017 10:46:09
LogInit: Compiled with Visual C++: 19.00.23026.00
LogInit: Build Configuration: Development
LogInit: Branch Name: ++UE4+Release-4.14
LogInit: Command line:  
LogInit: Base directory: C:/Users/Tony/Desktop/SurvivalGame/WindowsNoEditor/Engine/Binaries/Win64/
LogInit: Installed Engine Build: 0
LogInit: Presizing for max 2097152 objects, including 0 objects not considered by GC, pre-allocating 0 bytes for permanent pool.
LogInit: Object subsystem initialized
[2020.01.25-13.11.30:989][  0]LogInit: Selected Device Profile: [WindowsNoEditor]
[2020.01.25-13.11.30:989][  0]LogInit: Applying CVar settings loaded from the selected device profile: [WindowsNoEditor]
[2020.01.25-13.11.31:017][  0]LogInit: Computer: DESKTOP-9JSOR2M
[2020.01.25-13.11.31:017][  0]LogInit: User: Tony
[2020.01.25-13.11.31:017][  0]LogInit: CPU Page size=65536, Cores=4
[2020.01.25-13.11.31:017][  0]LogInit: High frequency timer resolution =10.000000 MHz
[2020.01.25-13.11.31:017][  0]LogMemory: Memory total: Physical=7.9GB (8GB approx)
[2020.01.25-13.11.31:017][  0]LogMemory: Platform Memory Stats for WindowsNoEditor
[2020.01.25-13.11.31:017][  0]LogMemory: Process Physical Memory: 87.39 MB used, 87.39 MB peak
[2020.01.25-13.11.31:017][  0]LogMemory: Process Virtual Memory: 100.94 MB used, 100.94 MB peak
[2020.01.25-13.11.31:017][  0]LogMemory: Physical Memory: 5768.18 MB used,  2307.42 MB free, 8075.60 MB total
[2020.01.25-13.11.31:017][  0]LogMemory: Virtual Memory: 4452.26 MB used,  2307.42 MB free, 134217728.00 MB total
[2020.01.25-13.11.31:387][  0]LogTextLocalizationManager: No specific translations for ('en-US') exist, so ('en') translations will be used.
[2020.01.25-13.11.31:561][  0]LogD3D11RHI: D3D11 adapters:
[2020.01.25-13.11.31:795][  0]LogD3D11RHI:    0. 'NVIDIA GeForce GTX 1060' (Feature Level 11_0)
[2020.01.25-13.11.31:795][  0]LogD3D11RHI:       6052/0/4037 MB DedicatedVideo/DedicatedSystem/SharedSystem, Outputs:1, VendorId:0x10de
[2020.01.25-13.11.31:894][  0]LogD3D11RHI:    1. 'Intel(R) HD Graphics 630' (Feature Level 11_0)
[2020.01.25-13.11.31:894][  0]LogD3D11RHI:       128/0/4037 MB DedicatedVideo/DedicatedSystem/SharedSystem, Outputs:1, VendorId:0x8086
[2020.01.25-13.11.31:898][  0]LogD3D11RHI:    2. 'Microsoft Basic Render Driver' (Feature Level 11_0)
[2020.01.25-13.11.31:898][  0]LogD3D11RHI:       0/0/4037 MB DedicatedVideo/DedicatedSystem/SharedSystem, Outputs:0, VendorId:0x1414
[2020.01.25-13.11.31:898][  0]LogD3D11RHI: Chosen D3D11 Adapter: 0
[2020.01.25-13.11.31:911][  0]LogD3D11RHI: Creating new Direct3DDevice
[2020.01.25-13.11.31:911][  0]LogD3D11RHI:     GPU DeviceId: 0x1c20 (for the marketing name, search the web for "GPU Device Id")
[2020.01.25-13.11.31:911][  0]LogWindows: EnumDisplayDevices:
[2020.01.25-13.11.31:911][  0]LogWindows:    0. 'Intel(R) HD Graphics 630' (P:0 D:1)
[2020.01.25-13.11.31:912][  0]LogWindows:    1. 'Intel(R) HD Graphics 630' (P:0 D:0)
[2020.01.25-13.11.31:912][  0]LogWindows:    2. 'Intel(R) HD Graphics 630' (P:0 D:0)
[2020.01.25-13.11.31:912][  0]LogWindows:    3. 'NVIDIA GeForce GTX 1060' (P:1 D:1)
[2020.01.25-13.11.31:913][  0]LogWindows:    4. 'NVIDIA GeForce GTX 1060' (P:0 D:0)
[2020.01.25-13.11.31:913][  0]LogWindows:    5. 'NVIDIA GeForce GTX 1060' (P:0 D:0)
[2020.01.25-13.11.31:914][  0]LogWindows:    6. 'NVIDIA GeForce GTX 1060' (P:0 D:0)
[2020.01.25-13.11.31:914][  0]LogWindows: DebugString: GetVideoDriverDetailsInvalid PrimaryIsNotTheChoosenAdapter GetVideoDriverDetailsInvalid PrimaryIsNotTheChoosenAdapter GetVideoDriverDetailsInvalid PrimaryIsNotTheChoosenAdapter GetVideoDriverDetailsInvalid PrimaryIsNotTheChoosenAdapter GetVideoDriverDetailsInvalid PrimaryIsNotTheChoosenAdapter GetVideoDriverDetailsInvalid PrimaryIsNotTheChoosenAdapter GetVideoDriverDetailsInvalid PrimaryIsNotTheChoosenAdapter FoundDriverCount:0 
[2020.01.25-13.11.31:914][  0]LogD3D11RHI:     Adapter Name: NVIDIA GeForce GTX 1060
[2020.01.25-13.11.31:914][  0]LogD3D11RHI:   Driver Version: Unknown (internal:Unknown, unified:Unknown)
[2020.01.25-13.11.31:914][  0]LogD3D11RHI:      Driver Date: Unknown
[2020.01.25-13.11.31:914][  0]LogRHI: Texture pool is 1361 MB (70% of 1945 MB)
[2020.01.25-13.11.32:013][  0]LogD3D11RHI: Async texture creation enabled
[2020.01.25-13.11.32:050][  0]LogD3D11RHI: GPU Timing Frequency: 1000.000000 (Debug: 2 1)
[2020.01.25-13.11.32:275][  0]LogAssetRegistry: FAssetRegistry took 0.0123 seconds to start up
[2020.01.25-13.11.32:281][  0]LogPackageLocalizationCache: Processed 3 localized package path(s) for 2 prioritized culture(s) in 0.005609 seconds
[2020.01.25-13.11.32:299][  0]LogContentStreaming: Texture pool size is 1000.00 MB
[2020.01.25-13.11.32:299][  0]LogInit: Selected Device Profile: [WindowsNoEditor]
[2020.01.25-13.11.32:430][  0]LogBlueprintUserMessages:Warning: DEBUG: LocalNotification DefaultPlatformService NOT FOUND
[2020.01.25-13.11.32:471][  0]LogNetVersion: GetLocalNetworkVersion: CL: 3195953, ProjectName: survival, ProjectVersion: , EngineNetworkVersion: 2, GameNetworkVersion: 0, NetworkChecksum: 336450374
[2020.01.25-13.11.32:630][  0]LogInit: WinSock: version 1.1 (2.2), MaxSocks=32767, MaxUdp=65467
[2020.01.25-13.11.32:641][  0]LogSlate: Using Freetype 2.6.0
[2020.01.25-13.11.32:661][  0]LogSlate: SlateFontCache - WITH_FREETYPE: 1, WITH_HARFBUZZ: 1
[2020.01.25-13.11.32:661][  0]LogSlate: SlateFontCache - WITH_FREETYPE: 1, WITH_HARFBUZZ: 1
[2020.01.25-13.11.32:730][  0]LogMoviePlayer: Initializing movie player
[2020.01.25-13.11.32:797][  0]LogWindowsMoviePlayer: Unable to load movie: ../../../Survival/Content/Movies/Default_Startup.mp4
[2020.01.25-13.11.32:877][  0]LogUObjectArray: 29397 objects as part of root set at end of initial load.
[2020.01.25-13.11.32:877][  0]LogUObjectAllocator: 5817728 out of 0 bytes used by permanent object pool.
[2020.01.25-13.11.32:877][  0]LogUObjectArray: CloseDisregardForGC: 0/0 objects in disregard for GC pool
[2020.01.25-13.11.32:889][  0]LogEngine: Initializing Engine...
[2020.01.25-13.11.32:890][  0]LogHMD: Failed to initialize OpenVR with code 110
[2020.01.25-13.11.33:085][  0]LogInit: XAudio2 using 'Speakers (Realtek High Definition Audio(SST))' : 2 channels at 48 kHz using 32 bits per sample (channel mask 0x3)
[2020.01.25-13.11.33:129][  0]LogInit: FAudioDevice initialized.
[2020.01.25-13.11.33:141][  0]LogInit: Texture streaming: Enabled
[2020.01.25-13.11.33:160][  0]LogInit:Display: Game Engine Initialized.
[2020.01.25-13.11.33:161][  0]LogInit:Display: Starting Game.
[2020.01.25-13.11.33:161][  0]LogNet: Browse: /Game/MainLevel?Name=Player
[2020.01.25-13.11.33:161][  0]LogLoad: LoadMap: /Game/MainLevel?Name=Player
[2020.01.25-13.11.33:181][  0]LogMemory: Platform Memory Stats for WindowsNoEditor
[2020.01.25-13.11.33:181][  0]LogMemory: Process Physical Memory: 194.41 MB used, 209.46 MB peak
[2020.01.25-13.11.33:181][  0]LogMemory: Process Virtual Memory: 274.51 MB used, 289.77 MB peak
[2020.01.25-13.11.33:181][  0]LogMemory: Physical Memory: 5917.50 MB used,  2158.10 MB free, 8075.60 MB total
[2020.01.25-13.11.33:181][  0]LogMemory: Virtual Memory: 4850.22 MB used,  2158.10 MB free, 134217728.00 MB total
[2020.01.25-13.11.33:181][  0]LogMemory: 
[2020.01.25-13.11.33:181][  0]Allocator Stats for binned2: (not implemented)
[2020.01.25-13.11.34:993][  0]LogAIModule: Creating AISystem for world MainLevel
[2020.01.25-13.11.34:993][  0]LogLoad: Game class is 'KGGameMode_C'
[2020.01.25-13.11.35:010][  0]LogWorld: Bringing World /Game/MainLevel.MainLevel up for play (max tick rate 0) at 2020.01.25-05.11.35
[2020.01.25-13.11.35:011][  0]LogWorld: Bringing up level for play took: 0.016002
[2020.01.25-13.11.35:035][  0]LogLoad: Took 1.873621 seconds to LoadMap(/Game/MainLevel)
[2020.01.25-13.11.35:137][  0]LogLoad: (Engine Initialization) Total time: 5.30 seconds
[2020.01.25-13.11.35:137][  0]LogExternalProfiler: No external profilers were discovered.  External profiling features will not be available.
[2020.01.25-13.11.35:154][  0]LogOcInput: OculusInput pre-init called
[2020.01.25-13.11.35:245][  0]LogRenderer: Reallocating scene render targets to support 128x128 NumSamples 1 (Frame:1).
[2020.01.25-13.11.35:349][  1]LogRenderer: Reallocating scene render targets to support 1600x900 NumSamples 1 (Frame:2).
[2020.01.25-13.11.52:216][ 37]LogSlate: HittestGrid destroyed
[2020.01.25-13.11.52:216][ 37]LogSlate: HittestGrid destroyed
[2020.01.25-13.11.55:554][244]LogNet: Browse: /Game/MainLevel?Name=Player?restart
[2020.01.25-13.11.55:555][244]LogLoad: LoadMap: /Game/MainLevel?Name=Player
[2020.01.25-13.11.55:555][244]LogSlate: HittestGrid destroyed
[2020.01.25-13.11.55:555][244]LogSlate: HittestGrid destroyed
[2020.01.25-13.11.55:556][244]LogSlate: HittestGrid destroyed
[2020.01.25-13.11.55:556][244]LogSlate: HittestGrid destroyed
[2020.01.25-13.11.55:556][244]LogSlate: HittestGrid destroyed
[2020.01.25-13.11.55:556][244]LogSlate: HittestGrid destroyed
[2020.01.25-13.11.55:599][244]LogMemory: Platform Memory Stats for WindowsNoEditor
[2020.01.25-13.11.55:600][244]LogMemory: Process Physical Memory: 279.37 MB used, 357.85 MB peak
[2020.01.25-13.11.55:600][244]LogMemory: Process Virtual Memory: 746.95 MB used, 791.30 MB peak
[2020.01.25-13.11.55:600][244]LogMemory: Physical Memory: 6062.32 MB used,  2013.27 MB free, 8075.60 MB total
[2020.01.25-13.11.55:600][244]LogMemory: Virtual Memory: 5337.42 MB used,  2013.27 MB free, 134217728.00 MB total
[2020.01.25-13.11.55:600][244]LogMemory: 
[2020.01.25-13.11.55:600][244]Allocator Stats for binned2: (not implemented)
[2020.01.25-13.11.56:224][244]LogAIModule: Creating AISystem for world MainLevel
[2020.01.25-13.11.56:224][244]LogLoad: Game class is 'KGGameMode_C'
[2020.01.25-13.11.56:240][244]LogWorld: Bringing World /Game/MainLevel.MainLevel up for play (max tick rate 0) at 2020.01.25-05.11.56
[2020.01.25-13.11.56:240][244]LogWorld: Bringing up level for play took: 0.013538
[2020.01.25-13.11.56:248][244]LogLoad: Took 0.692996 seconds to LoadMap(/Game/MainLevel)
[2020.01.25-13.11.56:871][280]LogSpawn:Warning: SpawnActor failed because of collision at the spawn location [X=-1790.000 Y=348.999 Z=199.116] for [KGCharBase_C]
[2020.01.25-13.11.56:872][280]LogScript:Warning: Accessed None trying to read property CallFunc_SpawnAIFromClass_ReturnValue
	KGGameMode_C /Game/MainLevel.MainLevel:PersistentLevel.KGGameMode_C_0
	Function /Game/Blueprints/KGGameMode.KGGameMode_C:ExecuteUbergraph_KGGameMode:04E0
[2020.01.25-13.11.56:872][280]LogScript:Warning: Script call stack:
	Function /Game/Blueprints/KGGameMode.KGGameMode_C:SpawnEnemy
	Function /Game/Blueprints/KGGameMode.KGGameMode_C:ExecuteUbergraph_KGGameMode

[2020.01.25-13.11.59:944][465]LogSlate: Request Window 'Survival (64-bit, PCD3D_SM5)' being destroyed
[2020.01.25-13.11.59:969][465]LogSlate: Window 'Survival (64-bit, PCD3D_SM5)' being destroyed
[2020.01.25-13.11.59:970][465]LogWindowsTextInputMethodSystem:Display: IME system now deactivated.
[2020.01.25-13.11.59:977][465]LogSlate: HittestGrid destroyed
[2020.01.25-13.11.59:978][465]LogEngine: All Windows Closed
[2020.01.25-13.11.59:978][465]LogWindows: FPlatformMisc::RequestExit(0)
[2020.01.25-13.11.59:979][466]LogMoviePlayer: Shutting down movie player
[2020.01.25-13.12.00:911][466]LogSlate: HittestGrid destroyed
[2020.01.25-13.12.00:911][466]LogSlate: HittestGrid destroyed
[2020.01.25-13.12.00:911][466]LogSlate: HittestGrid destroyed
[2020.01.25-13.12.00:911][466]LogSlate: HittestGrid destroyed
[2020.01.25-13.12.00:911][466]LogSlate: HittestGrid destroyed
[2020.01.25-13.12.00:911][466]LogSlate: HittestGrid destroyed
[2020.01.25-13.12.01:007][466]LogExit: Preparing to exit.
[2020.01.25-13.12.01:103][466]LogExit: Game engine shut down
[2020.01.25-13.12.01:222][466]LogObj: Freed 32b from 1 cluster array pools.
[2020.01.25-13.12.01:222][466]LogExit: Object subsystem successfully closed.
[2020.01.25-13.12.01:256][466]LogD3D11RHI: Shutdown
[2020.01.25-13.12.01:256][466]LogD3D11RHI: CleanupD3DDevice
[2020.01.25-13.12.01:373][466]LogD3D11RHI: ~FD3D11DynamicRHI
[2020.01.25-13.12.01:375][466]LogHttp:Display: Http module shutting down, but needs to wait on 1 outstanding Http requests:
[2020.01.25-13.12.01:375][466]LogHttp:Display: 	verb=[POST] url=[https://datarouter.ol.epicgames.com/datarouter/api/v1/public/data?SessionID=%7B191E0C31-49D1-8EF4-0D02-268B66FA5897%7D&AppID=UEGame.Rocket.Release%7C27D6A06F4A29FA93494D62ACABB4BB50%7CUE4Game&AppVersion=4.14.3-3249277%2B%2B%2BUE4%2BRelease-4.14&UserID=ANON-%7B020E6B4A-42F4-32E0-BD80-5095D572D060%7D%7C%7C&AppEnvironment=datacollector-binary&UploadType=eteventstream] status=Processing
[2020.01.25-13.12.01:375][466]LogHttp:Display: Sleeping 0.5s to wait for 1 outstanding Http requests.
[2020.01.25-13.12.01:877][466]LogHttp:Display: Sleeping 0.5s to wait for 1 outstanding Http requests.
[2020.01.25-13.12.02:387][466]LogModuleManager: Shutting down and abandoning module AutomationController (68)
[2020.01.25-13.12.02:387][466]LogModuleManager: Shutting down and abandoning module AutomationWorker (67)
[2020.01.25-13.12.02:387][466]LogModuleManager: Shutting down and abandoning module GameplayDebugger (66)
[2020.01.25-13.12.02:387][466]LogModuleManager: Shutting down and abandoning module AIModule (65)
[2020.01.25-13.12.02:387][466]LogModuleManager: Shutting down and abandoning module WmfMediaFactory (64)
[2020.01.25-13.12.02:387][466]LogModuleManager: Shutting down and abandoning module AvfMediaFactory (63)
[2020.01.25-13.12.02:387][466]LogModuleManager: Shutting down and abandoning module Media (62)
[2020.01.25-13.12.02:387][466]LogModuleManager: Shutting down and abandoning module AndroidMediaFactory (61)
[2020.01.25-13.12.02:387][466]LogModuleManager: Shutting down and abandoning module CharacterAI (60)
[2020.01.25-13.12.02:387][466]LogModuleManager: Shutting down and abandoning module SessionServices (59)
[2020.01.25-13.12.02:387][466]LogModuleManager: Shutting down and abandoning module GeometryCache (58)
[2020.01.25-13.12.02:387][466]LogModuleManager: Shutting down and abandoning module Niagara (57)
[2020.01.25-13.12.02:387][466]LogModuleManager: Shutting down and abandoning module StreamingPauseRendering (56)
[2020.01.25-13.12.02:387][466]LogModuleManager: Shutting down and abandoning module AnalyticsET (55)
[2020.01.25-13.12.02:387][466]LogModuleManager: Shutting down and abandoning module ProfilerService (54)
[2020.01.25-13.12.02:437][466]LogModuleManager: Shutting down and abandoning module TaskGraph (53)
[2020.01.25-13.12.02:437][466]LogModuleManager: Shutting down and abandoning module SlateRemote (52)
[2020.01.25-13.12.02:437][466]LogModuleManager: Shutting down and abandoning module SteamVRController (51)
[2020.01.25-13.12.02:437][466]LogModuleManager: Shutting down and abandoning module SteamVR (50)
[2020.01.25-13.12.02:437][466]LogModuleManager: Shutting down and abandoning module ProceduralMeshComponent (49)
[2020.01.25-13.12.02:437][466]LogModuleManager: Shutting down and abandoning module OculusLibrary (48)
[2020.01.25-13.12.02:437][466]LogModuleManager: Shutting down and abandoning module OculusInput (47)
[2020.01.25-13.12.02:437][466]LogModuleManager: Shutting down and abandoning module MobilePatchingUtils (46)
[2020.01.25-13.12.02:437][466]LogModuleManager: Shutting down and abandoning module CustomMeshComponent (45)
[2020.01.25-13.12.02:437][466]LogModuleManager: Shutting down and abandoning module CableComponent (44)
[2020.01.25-13.12.02:437][466]LogModuleManager: Shutting down and abandoning module ArchVisCharacter (43)
[2020.01.25-13.12.02:437][466]LogModuleManager: Shutting down and abandoning module HTML5Networking (41)
[2020.01.25-13.12.02:437][466]LogModuleManager: Shutting down and abandoning module UdpMessaging (40)
[2020.01.25-13.12.02:437][466]LogModuleManager: Shutting down and abandoning module TcpMessaging (39)
[2020.01.25-13.12.02:437][466]LogModuleManager: Shutting down and abandoning module LightPropagationVolumeRuntime (38)
[2020.01.25-13.12.02:437][466]LogModuleManager: Shutting down and abandoning module Paper2D (37)
[2020.01.25-13.12.02:437][466]LogModuleManager: Shutting down and abandoning module WindowsMoviePlayer (36)
[2020.01.25-13.12.02:437][466]LogModuleManager: Shutting down and abandoning module WmfMedia (35)
[2020.01.25-13.12.02:438][466]LogModuleManager: Shutting down and abandoning module ImageWrapper (34)
[2020.01.25-13.12.02:438][466]LogModuleManager: Shutting down and abandoning module MediaAssets (33)
[2020.01.25-13.12.02:438][466]LogModuleManager: Shutting down and abandoning module GameLiveStreaming (32)
[2020.01.25-13.12.02:438][466]LogModuleManager: Shutting down and abandoning module UMG (31)
[2020.01.25-13.12.02:438][466]LogModuleManager: Shutting down and abandoning module SlateReflector (30)
[2020.01.25-13.12.02:438][466]LogModuleManager: Shutting down and abandoning module Slate (29)
[2020.01.25-13.12.02:438][466]LogModuleManager: Shutting down and abandoning module Messaging (28)
[2020.01.25-13.12.02:438][466]LogModuleManager: Shutting down and abandoning module HeadMountedDisplay (27)
[2020.01.25-13.12.02:438][466]LogModuleManager: Shutting down and abandoning module XAudio2 (26)
[2020.01.25-13.12.02:438][466]LogModuleManager: Shutting down and abandoning module Networking (24)
[2020.01.25-13.12.02:438][466]LogModuleManager: Shutting down and abandoning module Core (23)
[2020.01.25-13.12.02:438][466]LogModuleManager: Shutting down and abandoning module AssetRegistry (22)
[2020.01.25-13.12.02:439][466]LogModuleManager: Shutting down and abandoning module InputCore (21)
[2020.01.25-13.12.02:439][466]LogModuleManager: Shutting down and abandoning module OculusRift (20)
[2020.01.25-13.12.02:439][466]LogModuleManager: Shutting down and abandoning module ExampleDeviceProfileSelector (19)
[2020.01.25-13.12.02:439][466]LogModuleManager: Shutting down and abandoning module OnlineSubsystem (17)
[2020.01.25-13.12.02:439][466]LogOnline:Display: Unloading online subsystem: NULL
[2020.01.25-13.12.02:439][466]LogModuleManager: Shutting down and abandoning module SSL (16)
[2020.01.25-13.12.02:439][466]LogModuleManager: Shutting down and abandoning module HTTP (15)
[2020.01.25-13.12.02:439][466]LogModuleManager: Shutting down and abandoning module ShaderCore (13)
[2020.01.25-13.12.02:439][466]LogModuleManager: Shutting down and abandoning module Landscape (12)
[2020.01.25-13.12.02:439][466]LogModuleManager: Shutting down and abandoning module SlateRHIRenderer (11)
[2020.01.25-13.12.02:439][466]LogModuleManager: Shutting down and abandoning module OpenGLDrv (10)
[2020.01.25-13.12.02:439][466]LogModuleManager: Shutting down and abandoning module D3D11RHI (9)
[2020.01.25-13.12.02:439][466]LogModuleManager: Shutting down and abandoning module AnimGraphRuntime (8)
[2020.01.25-13.12.02:439][466]LogModuleManager: Shutting down and abandoning module Renderer (7)
[2020.01.25-13.12.02:439][466]LogModuleManager: Shutting down and abandoning module Engine (6)
[2020.01.25-13.12.02:439][466]LogModuleManager: Shutting down and abandoning module CoreUObject (5)
[2020.01.25-13.12.02:439][466]LogModuleManager: Shutting down and abandoning module NetworkFile (4)
[2020.01.25-13.12.02:439][466]LogModuleManager: Shutting down and abandoning module StreamingFile (3)
[2020.01.25-13.12.02:439][466]LogModuleManager: Shutting down and abandoning module SandboxFile (2)
[2020.01.25-13.12.02:439][466]LogModuleManager: Shutting down and abandoning module PakFile (1)
[2020.01.25-13.12.02:440][466]LogExit: Exiting.
[2020.01.25-13.12.02:442][466]Log file closed, 01/25/20 05:12:02
